mode: atomic
github.com/thc1006/O-RAN-Intent-MANO-for-Network-Slicing/adapters/vnf-operator/api/v1alpha1/vnf_types.go:283.13,285.2 1 0
github.com/thc1006/O-RAN-Intent-MANO-for-Network-Slicing/adapters/vnf-operator/api/v1alpha1/zz_generated.deepcopy.go:29.57,31.2 1 0
github.com/thc1006/O-RAN-Intent-MANO-for-Network-Slicing/adapters/vnf-operator/api/v1alpha1/zz_generated.deepcopy.go:34.50,35.15 1 0
github.com/thc1006/O-RAN-Intent-MANO-for-Network-Slicing/adapters/vnf-operator/api/v1alpha1/zz_generated.deepcopy.go:35.15,37.3 1 0
github.com/thc1006/O-RAN-Intent-MANO-for-Network-Slicing/adapters/vnf-operator/api/v1alpha1/zz_generated.deepcopy.go:38.2,40.12 3 0
github.com/thc1006/O-RAN-Intent-MANO-for-Network-Slicing/adapters/vnf-operator/api/v1alpha1/zz_generated.deepcopy.go:44.63,46.2 1 0
github.com/thc1006/O-RAN-Intent-MANO-for-Network-Slicing/adapters/vnf-operator/api/v1alpha1/zz_generated.deepcopy.go:49.56,50.15 1 0
github.com/thc1006/O-RAN-Intent-MANO-for-Network-Slicing/adapters/vnf-operator/api/v1alpha1/zz_generated.deepcopy.go:50.15,52.3 1 0
github.com/thc1006/O-RAN-Intent-MANO-for-Network-Slicing/adapters/vnf-operator/api/v1alpha1/zz_generated.deepcopy.go:53.2,55.12 3 0
github.com/thc1006/O-RAN-Intent-MANO-for-Network-Slicing/adapters/vnf-operator/api/v1alpha1/zz_generated.deepcopy.go:59.51,61.27 2 0
github.com/thc1006/O-RAN-Intent-MANO-for-Network-Slicing/adapters/vnf-operator/api/v1alpha1/zz_generated.deepcopy.go:61.27,65.3 3 0
github.com/thc1006/O-RAN-Intent-MANO-for-Network-Slicing/adapters/vnf-operator/api/v1alpha1/zz_generated.deepcopy.go:69.44,70.15 1 0
github.com/thc1006/O-RAN-Intent-MANO-for-Network-Slicing/adapters/vnf-operator/api/v1alpha1/zz_generated.deepcopy.go:70.15,72.3 1 0
github.com/thc1006/O-RAN-Intent-MANO-for-Network-Slicing/adapters/vnf-operator/api/v1alpha1/zz_generated.deepcopy.go:73.2,75.12 3 0
github.com/thc1006/O-RAN-Intent-MANO-for-Network-Slicing/adapters/vnf-operator/api/v1alpha1/zz_generated.deepcopy.go:79.75,81.30 2 0
github.com/thc1006/O-RAN-Intent-MANO-for-Network-Slicing/adapters/vnf-operator/api/v1alpha1/zz_generated.deepcopy.go:81.30,85.3 3 0
github.com/thc1006/O-RAN-Intent-MANO-for-Network-Slicing/adapters/vnf-operator/api/v1alpha1/zz_generated.deepcopy.go:86.2,86.29 1 0
github.com/thc1006/O-RAN-Intent-MANO-for-Network-Slicing/adapters/vnf-operator/api/v1alpha1/zz_generated.deepcopy.go:86.29,90.3 3 0
github.com/thc1006/O-RAN-Intent-MANO-for-Network-Slicing/adapters/vnf-operator/api/v1alpha1/zz_generated.deepcopy.go:94.68,95.15 1 0
github.com/thc1006/O-RAN-Intent-MANO-for-Network-Slicing/adapters/vnf-operator/api/v1alpha1/zz_generated.deepcopy.go:95.15,97.3 1 0
github.com/thc1006/O-RAN-Intent-MANO-for-Network-Slicing/adapters/vnf-operator/api/v1alpha1/zz_generated.deepcopy.go:98.2,100.12 3 0
github.com/thc1006/O-RAN-Intent-MANO-for-Network-Slicing/adapters/vnf-operator/api/v1alpha1/zz_generated.deepcopy.go:104.63,106.22 2 0
github.com/thc1006/O-RAN-Intent-MANO-for-Network-Slicing/adapters/vnf-operator/api/v1alpha1/zz_generated.deepcopy.go:106.22,110.3 3 0
github.com/thc1006/O-RAN-Intent-MANO-for-Network-Slicing/adapters/vnf-operator/api/v1alpha1/zz_generated.deepcopy.go:111.2,111.26 1 0
github.com/thc1006/O-RAN-Intent-MANO-for-Network-Slicing/adapters/vnf-operator/api/v1alpha1/zz_generated.deepcopy.go:111.26,115.3 3 0
github.com/thc1006/O-RAN-Intent-MANO-for-Network-Slicing/adapters/vnf-operator/api/v1alpha1/zz_generated.deepcopy.go:116.2,116.27 1 0
github.com/thc1006/O-RAN-Intent-MANO-for-Network-Slicing/adapters/vnf-operator/api/v1alpha1/zz_generated.deepcopy.go:116.27,120.3 3 0
github.com/thc1006/O-RAN-Intent-MANO-for-Network-Slicing/adapters/vnf-operator/api/v1alpha1/zz_generated.deepcopy.go:124.56,125.15 1 0
github.com/thc1006/O-RAN-Intent-MANO-for-Network-Slicing/adapters/vnf-operator/api/v1alpha1/zz_generated.deepcopy.go:125.15,127.3 1 0
github.com/thc1006/O-RAN-Intent-MANO-for-Network-Slicing/adapters/vnf-operator/api/v1alpha1/zz_generated.deepcopy.go:128.2,130.12 3 0
github.com/thc1006/O-RAN-Intent-MANO-for-Network-Slicing/adapters/vnf-operator/api/v1alpha1/zz_generated.deepcopy.go:134.73,136.19 2 0
github.com/thc1006/O-RAN-Intent-MANO-for-Network-Slicing/adapters/vnf-operator/api/v1alpha1/zz_generated.deepcopy.go:136.19,140.3 3 0
github.com/thc1006/O-RAN-Intent-MANO-for-Network-Slicing/adapters/vnf-operator/api/v1alpha1/zz_generated.deepcopy.go:144.66,145.15 1 0
github.com/thc1006/O-RAN-Intent-MANO-for-Network-Slicing/adapters/vnf-operator/api/v1alpha1/zz_generated.deepcopy.go:145.15,147.3 1 0
github.com/thc1006/O-RAN-Intent-MANO-for-Network-Slicing/adapters/vnf-operator/api/v1alpha1/zz_generated.deepcopy.go:148.2,150.12 3 0
github.com/thc1006/O-RAN-Intent-MANO-for-Network-Slicing/adapters/vnf-operator/api/v1alpha1/zz_generated.deepcopy.go:154.39,160.2 5 0
github.com/thc1006/O-RAN-Intent-MANO-for-Network-Slicing/adapters/vnf-operator/api/v1alpha1/zz_generated.deepcopy.go:163.32,164.15 1 0
github.com/thc1006/O-RAN-Intent-MANO-for-Network-Slicing/adapters/vnf-operator/api/v1alpha1/zz_generated.deepcopy.go:164.15,166.3 1 0
github.com/thc1006/O-RAN-Intent-MANO-for-Network-Slicing/adapters/vnf-operator/api/v1alpha1/zz_generated.deepcopy.go:167.2,169.12 3 0
github.com/thc1006/O-RAN-Intent-MANO-for-Network-Slicing/adapters/vnf-operator/api/v1alpha1/zz_generated.deepcopy.go:173.48,174.34 1 0
github.com/thc1006/O-RAN-Intent-MANO-for-Network-Slicing/adapters/vnf-operator/api/v1alpha1/zz_generated.deepcopy.go:174.34,176.3 1 0
github.com/thc1006/O-RAN-Intent-MANO-for-Network-Slicing/adapters/vnf-operator/api/v1alpha1/zz_generated.deepcopy.go:177.2,177.12 1 0
github.com/thc1006/O-RAN-Intent-MANO-for-Network-Slicing/adapters/vnf-operator/api/v1alpha1/zz_generated.deepcopy.go:181.55,183.2 1 0
github.com/thc1006/O-RAN-Intent-MANO-for-Network-Slicing/adapters/vnf-operator/api/v1alpha1/zz_generated.deepcopy.go:186.48,187.15 1 0
github.com/thc1006/O-RAN-Intent-MANO-for-Network-Slicing/adapters/vnf-operator/api/v1alpha1/zz_generated.deepcopy.go:187.15,189.3 1 0
github.com/thc1006/O-RAN-Intent-MANO-for-Network-Slicing/adapters/vnf-operator/api/v1alpha1/zz_generated.deepcopy.go:190.2,192.12 3 0
github.com/thc1006/O-RAN-Intent-MANO-for-Network-Slicing/adapters/vnf-operator/api/v1alpha1/zz_generated.deepcopy.go:196.55,198.25 2 0
github.com/thc1006/O-RAN-Intent-MANO-for-Network-Slicing/adapters/vnf-operator/api/v1alpha1/zz_generated.deepcopy.go:198.25,202.3 3 0
github.com/thc1006/O-RAN-Intent-MANO-for-Network-Slicing/adapters/vnf-operator/api/v1alpha1/zz_generated.deepcopy.go:206.48,207.15 1 0
github.com/thc1006/O-RAN-Intent-MANO-for-Network-Slicing/adapters/vnf-operator/api/v1alpha1/zz_generated.deepcopy.go:207.15,209.3 1 0
github.com/thc1006/O-RAN-Intent-MANO-for-Network-Slicing/adapters/vnf-operator/api/v1alpha1/zz_generated.deepcopy.go:210.2,212.12 3 0
github.com/thc1006/O-RAN-Intent-MANO-for-Network-Slicing/adapters/vnf-operator/api/v1alpha1/zz_generated.deepcopy.go:216.47,220.21 4 0
github.com/thc1006/O-RAN-Intent-MANO-for-Network-Slicing/adapters/vnf-operator/api/v1alpha1/zz_generated.deepcopy.go:220.21,223.22 3 0
github.com/thc1006/O-RAN-Intent-MANO-for-Network-Slicing/adapters/vnf-operator/api/v1alpha1/zz_generated.deepcopy.go:223.22,225.4 1 0
github.com/thc1006/O-RAN-Intent-MANO-for-Network-Slicing/adapters/vnf-operator/api/v1alpha1/zz_generated.deepcopy.go:230.40,231.15 1 0
github.com/thc1006/O-RAN-Intent-MANO-for-Network-Slicing/adapters/vnf-operator/api/v1alpha1/zz_generated.deepcopy.go:231.15,233.3 1 0
github.com/thc1006/O-RAN-Intent-MANO-for-Network-Slicing/adapters/vnf-operator/api/v1alpha1/zz_generated.deepcopy.go:234.2,236.12 3 0
github.com/thc1006/O-RAN-Intent-MANO-for-Network-Slicing/adapters/vnf-operator/api/v1alpha1/zz_generated.deepcopy.go:240.52,241.34 1 0
github.com/thc1006/O-RAN-Intent-MANO-for-Network-Slicing/adapters/vnf-operator/api/v1alpha1/zz_generated.deepcopy.go:241.34,243.3 1 0
github.com/thc1006/O-RAN-Intent-MANO-for-Network-Slicing/adapters/vnf-operator/api/v1alpha1/zz_generated.deepcopy.go:244.2,244.12 1 0
github.com/thc1006/O-RAN-Intent-MANO-for-Network-Slicing/adapters/vnf-operator/api/v1alpha1/zz_generated.deepcopy.go:248.47,252.30 4 0
github.com/thc1006/O-RAN-Intent-MANO-for-Network-Slicing/adapters/vnf-operator/api/v1alpha1/zz_generated.deepcopy.go:252.30,256.3 3 0
github.com/thc1006/O-RAN-Intent-MANO-for-Network-Slicing/adapters/vnf-operator/api/v1alpha1/zz_generated.deepcopy.go:257.2,258.22 2 0
github.com/thc1006/O-RAN-Intent-MANO-for-Network-Slicing/adapters/vnf-operator/api/v1alpha1/zz_generated.deepcopy.go:258.22,261.29 3 0
github.com/thc1006/O-RAN-Intent-MANO-for-Network-Slicing/adapters/vnf-operator/api/v1alpha1/zz_generated.deepcopy.go:261.29,263.4 1 0
github.com/thc1006/O-RAN-Intent-MANO-for-Network-Slicing/adapters/vnf-operator/api/v1alpha1/zz_generated.deepcopy.go:265.2,265.26 1 0
github.com/thc1006/O-RAN-Intent-MANO-for-Network-Slicing/adapters/vnf-operator/api/v1alpha1/zz_generated.deepcopy.go:265.26,268.29 3 0
github.com/thc1006/O-RAN-Intent-MANO-for-Network-Slicing/adapters/vnf-operator/api/v1alpha1/zz_generated.deepcopy.go:268.29,270.4 1 0
github.com/thc1006/O-RAN-Intent-MANO-for-Network-Slicing/adapters/vnf-operator/api/v1alpha1/zz_generated.deepcopy.go:272.2,272.35 1 0
github.com/thc1006/O-RAN-Intent-MANO-for-Network-Slicing/adapters/vnf-operator/api/v1alpha1/zz_generated.deepcopy.go:276.40,277.15 1 0
github.com/thc1006/O-RAN-Intent-MANO-for-Network-Slicing/adapters/vnf-operator/api/v1alpha1/zz_generated.deepcopy.go:277.15,279.3 1 0
github.com/thc1006/O-RAN-Intent-MANO-for-Network-Slicing/adapters/vnf-operator/api/v1alpha1/zz_generated.deepcopy.go:280.2,282.12 3 0
github.com/thc1006/O-RAN-Intent-MANO-for-Network-Slicing/adapters/vnf-operator/api/v1alpha1/zz_generated.deepcopy.go:286.51,288.33 2 0
github.com/thc1006/O-RAN-Intent-MANO-for-Network-Slicing/adapters/vnf-operator/api/v1alpha1/zz_generated.deepcopy.go:288.33,291.3 2 0
github.com/thc1006/O-RAN-Intent-MANO-for-Network-Slicing/adapters/vnf-operator/api/v1alpha1/zz_generated.deepcopy.go:292.2,292.32 1 0
github.com/thc1006/O-RAN-Intent-MANO-for-Network-Slicing/adapters/vnf-operator/api/v1alpha1/zz_generated.deepcopy.go:292.32,296.3 3 0
github.com/thc1006/O-RAN-Intent-MANO-for-Network-Slicing/adapters/vnf-operator/api/v1alpha1/zz_generated.deepcopy.go:297.2,297.26 1 0
github.com/thc1006/O-RAN-Intent-MANO-for-Network-Slicing/adapters/vnf-operator/api/v1alpha1/zz_generated.deepcopy.go:297.26,300.22 3 0
github.com/thc1006/O-RAN-Intent-MANO-for-Network-Slicing/adapters/vnf-operator/api/v1alpha1/zz_generated.deepcopy.go:300.22,302.4 1 0
github.com/thc1006/O-RAN-Intent-MANO-for-Network-Slicing/adapters/vnf-operator/api/v1alpha1/zz_generated.deepcopy.go:304.2,304.25 1 0
github.com/thc1006/O-RAN-Intent-MANO-for-Network-Slicing/adapters/vnf-operator/api/v1alpha1/zz_generated.deepcopy.go:304.25,307.22 3 0
github.com/thc1006/O-RAN-Intent-MANO-for-Network-Slicing/adapters/vnf-operator/api/v1alpha1/zz_generated.deepcopy.go:307.22,309.4 1 0
github.com/thc1006/O-RAN-Intent-MANO-for-Network-Slicing/adapters/vnf-operator/api/v1alpha1/zz_generated.deepcopy.go:314.44,315.15 1 0
github.com/thc1006/O-RAN-Intent-MANO-for-Network-Slicing/adapters/vnf-operator/api/v1alpha1/zz_generated.deepcopy.go:315.15,317.3 1 0
github.com/thc1006/O-RAN-Intent-MANO-for-Network-Slicing/adapters/vnf-operator/api/v1alpha1/zz_generated.deepcopy.go:318.2,320.12 3 0
